<?xml version="1.0" encoding="UTF-8"?>
<coverage generated="1786866052825" clover="3.2.0">
  <project timestamp="1786866052825" name="All files">
    <metrics statements="39" coveredstatements="34" conditionals="21" coveredconditionals="15" methods="15" coveredmethods="15" elements="75" coveredelements="64" complexity="0" loc="39" ncloc="39" packages="1" files="3" classes="3"/>
    <file name="index.ts" path="/home/runner/work/claxed/claxed/src/index.ts">
      <metrics statements="21" coveredstatements="19" conditionals="16" coveredconditionals="12" methods="4" coveredmethods="4"/>
      <line num="38" count="110" type="stmt"/>
      <line num="42" count="4" type="stmt"/>
      <line num="47" count="4" type="stmt"/>
      <line num="48" count="4" type="stmt"/>
      <line num="52" count="4" type="cond" truecount="1" falsecount="1"/>
      <line num="54" count="4" type="cond" truecount="2" falsecount="0"/>
      <line num="55" count="3" type="stmt"/>
      <line num="62" count="1" type="cond" truecount="1" falsecount="1"/>
      <line num="63" count="1" type="stmt"/>
      <line num="65" count="1" type="stmt"/>
      <line num="66" count="1" type="stmt"/>
      <line num="70" count="0" type="stmt"/>
      <line num="76" count="1" type="cond" truecount="1" falsecount="1"/>
      <line num="80" count="1" type="stmt"/>
      <line num="81" count="1" type="stmt"/>
      <line num="91" count="0" type="stmt"/>
      <line num="98" count="4" type="stmt"/>
      <line num="103" count="4" type="stmt"/>
      <line num="110" count="1" type="stmt"/>
      <line num="112" count="1" type="stmt"/>
      <line num="113" count="109" type="stmt"/>
    </file>
    <file name="tagList.ts" path="/home/runner/work/claxed/claxed/src/tagList.ts">
      <metrics statements="1" coveredstatements="1" conditionals="0" coveredconditionals="0" methods="0" coveredmethods="0"/>
      <line num="1" count="1" type="stmt"/>
    </file>
    <file name="utils.ts" path="/home/runner/work/claxed/claxed/src/utils.ts">
      <metrics statements="17" coveredstatements="14" conditionals="5" coveredconditionals="3" methods="11" coveredmethods="11"/>
      <line num="3" count="1" type="stmt"/>
      <line num="5" count="13" type="stmt"/>
      <line num="9" count="4" type="stmt"/>
      <line num="13" count="8" type="stmt"/>
      <line num="17" count="1" type="stmt"/>
      <line num="21" count="4" type="stmt"/>
      <line num="25" count="4" type="cond" truecount="2" falsecount="0"/>
      <line num="30" count="4" type="stmt"/>
      <line num="34" count="4" type="stmt"/>
      <line num="38" count="4" type="stmt"/>
      <line num="50" count="4" type="stmt"/>
      <line num="51" count="4" type="stmt"/>
      <line num="53" count="4" type="cond" truecount="1" falsecount="2"/>
      <line num="55" count="0" type="stmt"/>
      <line num="58" count="0" type="stmt"/>
      <line num="59" count="0" type="stmt"/>
      <line num="63" count="4" type="stmt"/>
    </file>
  </project>
</coverage>
