{"/home/runner/work/claxed/claxed/src/index.ts": {"path":"/home/runner/work/claxed/claxed/src/index.ts","statementMap":{"0":{"start":{"line":38,"column":2},"end":{"line":104,"column":null}},"1":{"start":{"line":42,"column":10},"end":{"line":92,"column":null}},"2":{"start":{"line":47,"column":31},"end":{"line":47,"column":null}},"3":{"start":{"line":48,"column":28},"end":{"line":50,"column":null}},"4":{"start":{"line":52,"column":6},"end":{"line":52,"column":null}},"5":{"start":{"line":52,"column":35},"end":{"line":52,"column":null}},"6":{"start":{"line":54,"column":6},"end":{"line":60,"column":null}},"7":{"start":{"line":55,"column":8},"end":{"line":59,"column":null}},"8":{"start":{"line":62,"column":6},"end":{"line":89,"column":null}},"9":{"start":{"line":63,"column":29},"end":{"line":63,"column":null}},"10":{"start":{"line":65,"column":8},"end":{"line":74,"column":null}},"11":{"start":{"line":66,"column":10},"end":{"line":68,"column":null}},"12":{"start":{"line":70,"column":10},"end":{"line":73,"column":null}},"13":{"start":{"line":76,"column":8},"end":{"line":76,"column":null}},"14":{"start":{"line":76,"column":48},"end":{"line":76,"column":null}},"15":{"start":{"line":80,"column":10},"end":{"line":80,"column":null}},"16":{"start":{"line":81,"column":8},"end":{"line":88,"column":null}},"17":{"start":{"line":91,"column":6},"end":{"line":91,"column":null}},"18":{"start":{"line":98,"column":4},"end":{"line":101,"column":null}},"19":{"start":{"line":103,"column":4},"end":{"line":103,"column":null}},"20":{"start":{"line":110,"column":15},"end":{"line":110,"column":null}},"21":{"start":{"line":112,"column":0},"end":{"line":114,"column":null}},"22":{"start":{"line":113,"column":2},"end":{"line":113,"column":null}}},"fnMap":{"0":{"name":"factory","decl":{"start":{"line":37,"column":9},"end":{"line":37,"column":17}},"loc":{"start":{"line":37,"column":49},"end":{"line":105,"column":null}},"line":37},"1":{"name":"parseTemplateString","decl":{"start":{"line":38,"column":18},"end":{"line":38,"column":null}},"loc":{"start":{"line":41,"column":4},"end":{"line":104,"column":null}},"line":41},"2":{"name":"(anonymous_2)","decl":{"start":{"line":42,"column":10},"end":{"line":42,"column":61}},"loc":{"start":{"line":46,"column":10},"end":{"line":92,"column":null}},"line":46},"3":{"name":"(anonymous_3)","decl":{"start":{"line":112,"column":8},"end":{"line":112,"column":17}},"loc":{"start":{"line":112,"column":24},"end":{"line":114,"column":1}},"line":112}},"branchMap":{"0":{"loc":{"start":{"line":49,"column":11},"end":{"line":49,"column":27}},"type":"binary-expr","locations":[{"start":{"line":49,"column":11},"end":{"line":49,"column":24}},{"start":{"line":49,"column":24},"end":{"line":49,"column":27}}],"line":49},"1":{"loc":{"start":{"line":52,"column":6},"end":{"line":52,"column":null}},"type":"if","locations":[{"start":{"line":52,"column":6},"end":{"line":52,"column":null}},{"start":{},"end":{}}],"line":52},"2":{"loc":{"start":{"line":54,"column":6},"end":{"line":60,"column":null}},"type":"if","locations":[{"start":{"line":54,"column":6},"end":{"line":60,"column":null}},{"start":{},"end":{}}],"line":54},"3":{"loc":{"start":{"line":62,"column":6},"end":{"line":89,"column":null}},"type":"if","locations":[{"start":{"line":62,"column":6},"end":{"line":89,"column":null}},{"start":{},"end":{}}],"line":62},"4":{"loc":{"start":{"line":76,"column":8},"end":{"line":76,"column":null}},"type":"if","locations":[{"start":{"line":76,"column":8},"end":{"line":76,"column":null}},{"start":{},"end":{}}],"line":76},"5":{"loc":{"start":{"line":85,"column":43},"end":{"line":85,"column":null}},"type":"binary-expr","locations":[{"start":{"line":85,"column":43},"end":{"line":85,"column":64}},{"start":{"line":85,"column":64},"end":{"line":85,"column":null}}],"line":85},"6":{"loc":{"start":{"line":87,"column":10},"end":{"line":87,"column":null}},"type":"binary-expr","locations":[{"start":{"line":87,"column":10},"end":{"line":87,"column":32}},{"start":{"line":87,"column":32},"end":{"line":87,"column":null}}],"line":87},"7":{"loc":{"start":{"line":99,"column":13},"end":{"line":99,"column":null}},"type":"cond-expr","locations":[{"start":{"line":99,"column":30},"end":{"line":99,"column":36}},{"start":{"line":99,"column":36},"end":{"line":99,"column":null}}],"line":99}},"s":{"0":110,"1":4,"2":4,"3":4,"4":4,"5":0,"6":4,"7":3,"8":1,"9":1,"10":1,"11":1,"12":0,"13":1,"14":0,"15":1,"16":1,"17":0,"18":4,"19":4,"20":1,"21":1,"22":109},"f":{"0":110,"1":4,"2":4,"3":109},"b":{"0":[4,3],"1":[0,4],"2":[3,1],"3":[1,0],"4":[0,1],"5":[1,0],"6":[1,1],"7":[3,1]},"meta":{"lastBranch":8,"lastFunction":4,"lastStatement":23,"seen":{"f:37:9:37:17":0,"s:38:2:104:Infinity":0,"f:38:18:38:Infinity":1,"s:42:10:92:Infinity":1,"f:42:10:42:61":2,"s:47:31:47:Infinity":2,"s:48:28:50:Infinity":3,"b:49:11:49:24:49:24:49:27":0,"b:52:6:52:Infinity:undefined:undefined:undefined:undefined":1,"s:52:6:52:Infinity":4,"s:52:35:52:Infinity":5,"b:54:6:60:Infinity:undefined:undefined:undefined:undefined":2,"s:54:6:60:Infinity":6,"s:55:8:59:Infinity":7,"b:62:6:89:Infinity:undefined:undefined:undefined:undefined":3,"s:62:6:89:Infinity":8,"s:63:29:63:Infinity":9,"s:65:8:74:Infinity":10,"s:66:10:68:Infinity":11,"s:70:10:73:Infinity":12,"b:76:8:76:Infinity:undefined:undefined:undefined:undefined":4,"s:76:8:76:Infinity":13,"s:76:48:76:Infinity":14,"s:80:10:80:Infinity":15,"s:81:8:88:Infinity":16,"b:85:43:85:64:85:64:85:Infinity":5,"b:87:10:87:32:87:32:87:Infinity":6,"s:91:6:91:Infinity":17,"s:98:4:101:Infinity":18,"b:99:30:99:36:99:36:99:Infinity":7,"s:103:4:103:Infinity":19,"s:110:15:110:Infinity":20,"s:112:0:114:Infinity":21,"f:112:8:112:17":3,"s:113:2:113:Infinity":22},"fnNames":{}}}
,"/home/runner/work/claxed/claxed/src/tagList.ts": {"path":"/home/runner/work/claxed/claxed/src/tagList.ts","statementMap":{"0":{"start":{"line":1,"column":13},"end":{"line":111,"column":null}}},"fnMap":{},"branchMap":{},"s":{"0":1},"f":{},"b":{},"meta":{"lastBranch":0,"lastFunction":0,"lastStatement":1,"seen":{"s:1:13:111:Infinity":0},"fnNames":{}}}
,"/home/runner/work/claxed/claxed/src/utils.ts": {"path":"/home/runner/work/claxed/claxed/src/utils.ts","statementMap":{"0":{"start":{"line":3,"column":18},"end":{"line":27,"column":null}},"1":{"start":{"line":5,"column":4},"end":{"line":5,"column":null}},"2":{"start":{"line":9,"column":4},"end":{"line":9,"column":null}},"3":{"start":{"line":13,"column":4},"end":{"line":13,"column":null}},"4":{"start":{"line":17,"column":4},"end":{"line":17,"column":null}},"5":{"start":{"line":21,"column":4},"end":{"line":21,"column":null}},"6":{"start":{"line":25,"column":4},"end":{"line":25,"column":null}},"7":{"start":{"line":30,"column":2},"end":{"line":30,"column":null}},"8":{"start":{"line":34,"column":2},"end":{"line":34,"column":null}},"9":{"start":{"line":38,"column":2},"end":{"line":38,"column":null}},"10":{"start":{"line":50,"column":2},"end":{"line":65,"column":null}},"11":{"start":{"line":51,"column":23},"end":{"line":51,"column":null}},"12":{"start":{"line":53,"column":4},"end":{"line":64,"column":null}},"13":{"start":{"line":55,"column":8},"end":{"line":55,"column":null}},"14":{"start":{"line":58,"column":31},"end":{"line":58,"column":null}},"15":{"start":{"line":59,"column":8},"end":{"line":59,"column":null}},"16":{"start":{"line":63,"column":8},"end":{"line":63,"column":null}}},"fnMap":{"0":{"name":"isOfType","decl":{"start":{"line":4,"column":2},"end":{"line":4,"column":11}},"loc":{"start":{"line":4,"column":50},"end":{"line":6,"column":null}},"line":4},"1":{"name":"undefined","decl":{"start":{"line":8,"column":2},"end":{"line":8,"column":12}},"loc":{"start":{"line":8,"column":48},"end":{"line":10,"column":null}},"line":8},"2":{"name":"string","decl":{"start":{"line":12,"column":2},"end":{"line":12,"column":9}},"loc":{"start":{"line":12,"column":42},"end":{"line":14,"column":null}},"line":12},"3":{"name":"function_","decl":{"start":{"line":16,"column":2},"end":{"line":16,"column":12}},"loc":{"start":{"line":16,"column":70},"end":{"line":18,"column":null}},"line":16},"4":{"name":"null_","decl":{"start":{"line":20,"column":2},"end":{"line":20,"column":8}},"loc":{"start":{"line":20,"column":39},"end":{"line":22,"column":null}},"line":20},"5":{"name":"nullOrUndefined","decl":{"start":{"line":24,"column":2},"end":{"line":24,"column":18}},"loc":{"start":{"line":24,"column":61},"end":{"line":26,"column":null}},"line":24},"6":{"name":"removeSpacesNewline","decl":{"start":{"line":29,"column":9},"end":{"line":29,"column":29}},"loc":{"start":{"line":29,"column":53},"end":{"line":31,"column":null}},"line":29},"7":{"name":"stripFalsyValues","decl":{"start":{"line":33,"column":9},"end":{"line":33,"column":26}},"loc":{"start":{"line":33,"column":50},"end":{"line":35,"column":null}},"line":33},"8":{"name":"cleanClassOutput","decl":{"start":{"line":37,"column":16},"end":{"line":37,"column":33}},"loc":{"start":{"line":37,"column":57},"end":{"line":39,"column":null}},"line":37},"9":{"name":"extractClasses","decl":{"start":{"line":45,"column":16},"end":{"line":45,"column":null}},"loc":{"start":{"line":49,"column":10},"end":{"line":66,"column":null}},"line":49},"10":{"name":"(anonymous_10)","decl":{"start":{"line":50,"column":17},"end":{"line":50,"column":25}},"loc":{"start":{"line":50,"column":40},"end":{"line":65,"column":5}},"line":50}},"branchMap":{"0":{"loc":{"start":{"line":25,"column":11},"end":{"line":25,"column":null}},"type":"binary-expr","locations":[{"start":{"line":25,"column":11},"end":{"line":25,"column":36}},{"start":{"line":25,"column":36},"end":{"line":25,"column":null}}],"line":25},"1":{"loc":{"start":{"line":53,"column":4},"end":{"line":64,"column":null}},"type":"switch","locations":[{"start":{"line":54,"column":6},"end":{"line":55,"column":null}},{"start":{"line":57,"column":6},"end":{"line":60,"column":null}},{"start":{"line":62,"column":6},"end":{"line":63,"column":null}}],"line":53}},"s":{"0":1,"1":13,"2":4,"3":8,"4":1,"5":4,"6":4,"7":4,"8":4,"9":4,"10":4,"11":4,"12":4,"13":0,"14":0,"15":0,"16":4},"f":{"0":13,"1":4,"2":8,"3":1,"4":4,"5":4,"6":4,"7":4,"8":4,"9":4,"10":4},"b":{"0":[4,4],"1":[0,0,4]},"meta":{"lastBranch":2,"lastFunction":11,"lastStatement":17,"seen":{"s:3:18:27:Infinity":0,"f:4:2:4:11":0,"s:5:4:5:Infinity":1,"f:8:2:8:12":1,"s:9:4:9:Infinity":2,"f:12:2:12:9":2,"s:13:4:13:Infinity":3,"f:16:2:16:12":3,"s:17:4:17:Infinity":4,"f:20:2:20:8":4,"s:21:4:21:Infinity":5,"f:24:2:24:18":5,"s:25:4:25:Infinity":6,"b:25:11:25:36:25:36:25:Infinity":0,"f:29:9:29:29":6,"s:30:2:30:Infinity":7,"f:33:9:33:26":7,"s:34:2:34:Infinity":8,"f:37:16:37:33":8,"s:38:2:38:Infinity":9,"f:45:16:45:Infinity":9,"s:50:2:65:Infinity":10,"f:50:17:50:25":10,"s:51:23:51:Infinity":11,"b:54:6:55:Infinity:57:6:60:Infinity:62:6:63:Infinity":1,"s:53:4:64:Infinity":12,"s:55:8:55:Infinity":13,"s:58:31:58:Infinity":14,"s:59:8:59:Infinity":15,"s:63:8:63:Infinity":16},"fnNames":{}}}
}
